<?xml version="1.0" encoding="UTF-8"?>
<!-- Generated by org.testng.reporters.JUnitReportReporter -->
<testsuite hostname="DESKTOP-7SU4C42" failures="0" tests="8" name="testcases" time="33.996" errors="0" timestamp="2023-10-26T18:55:23 EET" skipped="1">
  <testcase classname="testcases" name="CheckTheHotel" time="4.843"/>
  <system-out/>
  <testcase classname="testcases" name="CheckTheHotel" time="5.533"/>
  <system-out/>
  <testcase classname="testcases" name="CheckTheHotel" time="6.845"/>
  <system-out/>
  <testcase classname="testcases" name="CheckTheHotel" time="6.967"/>
  <system-out/>
  <testcase classname="testcases" name="checkTheContactNumber" time="0.081"/>
  <system-out/>
  <testcase classname="testcases" name="CheckTheHotel" time="6.139"/>
  <system-out/>
  <testcase classname="testcases" name="checkTheCurrency" time="3.588"/>
  <system-out/>
  <testcase classname="testcases" name="CheckTheLanguage">
    <skipped/>
  </testcase> <!-- CheckTheLanguage -->
  <system-out/>
</testsuite> <!-- testcases -->
